0 info it worked if it ends with ok
1 verbose cli [ 'node', '/usr/local/bin/npm', 'install' ]
2 info using npm@1.4.28
3 info using node@v0.10.33
4 verbose readDependencies using package.json deps
5 verbose install where, deps [ '/Users/adde/Desktop/uber-dash-master',
5 verbose install   [ 'express', 'pcap', 'request' ] ]
6 info preinstall uber-dash@1.0.0
7 verbose readDependencies using package.json deps
8 verbose cache add [ 'express@^4.13.3', null ]
9 verbose cache add name=undefined spec="express@^4.13.3" args=["express@^4.13.3",null]
10 verbose parsed url { protocol: null,
10 verbose parsed url   slashes: null,
10 verbose parsed url   auth: null,
10 verbose parsed url   host: null,
10 verbose parsed url   port: null,
10 verbose parsed url   hostname: null,
10 verbose parsed url   hash: null,
10 verbose parsed url   search: null,
10 verbose parsed url   query: null,
10 verbose parsed url   pathname: 'express@^4.13.3',
10 verbose parsed url   path: 'express@^4.13.3',
10 verbose parsed url   href: 'express@^4.13.3' }
11 verbose cache add [ 'pcap@^2.0.1', null ]
12 verbose cache add name=undefined spec="pcap@^2.0.1" args=["pcap@^2.0.1",null]
13 verbose parsed url { protocol: null,
13 verbose parsed url   slashes: null,
13 verbose parsed url   auth: null,
13 verbose parsed url   host: null,
13 verbose parsed url   port: null,
13 verbose parsed url   hostname: null,
13 verbose parsed url   hash: null,
13 verbose parsed url   search: null,
13 verbose parsed url   query: null,
13 verbose parsed url   pathname: 'pcap@^2.0.1',
13 verbose parsed url   path: 'pcap@^2.0.1',
13 verbose parsed url   href: 'pcap@^2.0.1' }
14 verbose cache add [ 'request@^2.61.0', null ]
15 verbose cache add name=undefined spec="request@^2.61.0" args=["request@^2.61.0",null]
16 verbose parsed url { protocol: null,
16 verbose parsed url   slashes: null,
16 verbose parsed url   auth: null,
16 verbose parsed url   host: null,
16 verbose parsed url   port: null,
16 verbose parsed url   hostname: null,
16 verbose parsed url   hash: null,
16 verbose parsed url   search: null,
16 verbose parsed url   query: null,
16 verbose parsed url   pathname: 'request@^2.61.0',
16 verbose parsed url   path: 'request@^2.61.0',
16 verbose parsed url   href: 'request@^2.61.0' }
17 verbose cache add name="express" spec="^4.13.3" args=["express","^4.13.3"]
18 verbose parsed url { protocol: null,
18 verbose parsed url   slashes: null,
18 verbose parsed url   auth: null,
18 verbose parsed url   host: null,
18 verbose parsed url   port: null,
18 verbose parsed url   hostname: null,
18 verbose parsed url   hash: null,
18 verbose parsed url   search: null,
18 verbose parsed url   query: null,
18 verbose parsed url   pathname: '^4.13.3',
18 verbose parsed url   path: '^4.13.3',
18 verbose parsed url   href: '^4.13.3' }
19 verbose addNamed [ 'express', '^4.13.3' ]
20 verbose addNamed [ null, '>=4.13.3-0 <5.0.0-0' ]
21 verbose cache add name="pcap" spec="^2.0.1" args=["pcap","^2.0.1"]
22 verbose parsed url { protocol: null,
22 verbose parsed url   slashes: null,
22 verbose parsed url   auth: null,
22 verbose parsed url   host: null,
22 verbose parsed url   port: null,
22 verbose parsed url   hostname: null,
22 verbose parsed url   hash: null,
22 verbose parsed url   search: null,
22 verbose parsed url   query: null,
22 verbose parsed url   pathname: '^2.0.1',
22 verbose parsed url   path: '^2.0.1',
22 verbose parsed url   href: '^2.0.1' }
23 verbose addNamed [ 'pcap', '^2.0.1' ]
24 verbose addNamed [ null, '>=2.0.1-0 <3.0.0-0' ]
25 verbose cache add name="request" spec="^2.61.0" args=["request","^2.61.0"]
26 verbose parsed url { protocol: null,
26 verbose parsed url   slashes: null,
26 verbose parsed url   auth: null,
26 verbose parsed url   host: null,
26 verbose parsed url   port: null,
26 verbose parsed url   hostname: null,
26 verbose parsed url   hash: null,
26 verbose parsed url   search: null,
26 verbose parsed url   query: null,
26 verbose parsed url   pathname: '^2.61.0',
26 verbose parsed url   path: '^2.61.0',
26 verbose parsed url   href: '^2.61.0' }
27 verbose addNamed [ 'request', '^2.61.0' ]
28 verbose addNamed [ null, '>=2.61.0-0 <3.0.0-0' ]
29 silly lockFile 9c28b82e-express-4-13-3 express@^4.13.3
30 verbose lock express@^4.13.3 /Users/adde/.npm/9c28b82e-express-4-13-3.lock
31 silly lockFile a2ac105d-pcap-2-0-1 pcap@^2.0.1
32 verbose lock pcap@^2.0.1 /Users/adde/.npm/a2ac105d-pcap-2-0-1.lock
33 silly lockFile e4087416-request-2-61-0 request@^2.61.0
34 verbose lock request@^2.61.0 /Users/adde/.npm/e4087416-request-2-61-0.lock
35 silly addNameRange { name: 'request', range: '>=2.61.0-0 <3.0.0-0', hasData: false }
36 silly addNameRange { name: 'express', range: '>=4.13.3-0 <5.0.0-0', hasData: false }
37 silly addNameRange { name: 'pcap', range: '>=2.0.1-0 <3.0.0-0', hasData: false }
38 verbose request where is /pcap
39 verbose request registry https://registry.npmjs.org/
40 verbose request id c5e70b87dc918917
41 verbose url raw /pcap
42 verbose url resolving [ 'https://registry.npmjs.org/', './pcap' ]
43 verbose url resolved https://registry.npmjs.org/pcap
44 verbose request where is https://registry.npmjs.org/pcap
45 info trying registry request attempt 1 at 13:13:54
46 http GET https://registry.npmjs.org/pcap
47 verbose request where is /request
48 verbose request registry https://registry.npmjs.org/
49 verbose url raw /request
50 verbose url resolving [ 'https://registry.npmjs.org/', './request' ]
51 verbose url resolved https://registry.npmjs.org/request
52 verbose request where is https://registry.npmjs.org/request
53 info trying registry request attempt 1 at 13:13:54
54 verbose etag "VM874X75TWBD76WGUNJ6SO8Q"
55 http GET https://registry.npmjs.org/request
56 verbose request where is /express
57 verbose request registry https://registry.npmjs.org/
58 verbose url raw /express
59 verbose url resolving [ 'https://registry.npmjs.org/', './express' ]
60 verbose url resolved https://registry.npmjs.org/express
61 verbose request where is https://registry.npmjs.org/express
62 info trying registry request attempt 1 at 13:13:54
63 verbose etag "5SNK08NKPLRDVBIY6RAA9DC3Z"
64 http GET https://registry.npmjs.org/express
65 http 200 https://registry.npmjs.org/request
66 silly registry.get cb [ 200,
66 silly registry.get   { server: 'CouchDB/1.5.0 (Erlang OTP/R16B03)',
66 silly registry.get     etag: '"BRI9NMIJS71R0YZOPHTLCD342"',
66 silly registry.get     'content-type': 'application/json',
66 silly registry.get     'cache-control': 'max-age=60',
66 silly registry.get     'content-length': '165130',
66 silly registry.get     'accept-ranges': 'bytes',
66 silly registry.get     date: 'Sun, 30 Aug 2015 11:13:55 GMT',
66 silly registry.get     via: '1.1 varnish',
66 silly registry.get     age: '53',
66 silly registry.get     connection: 'keep-alive',
66 silly registry.get     'x-served-by': 'cache-fra1221-FRA',
66 silly registry.get     'x-cache': 'HIT',
66 silly registry.get     'x-cache-hits': '2',
66 silly registry.get     'x-timer': 'S1440933235.271016,VS0,VE0',
66 silly registry.get     vary: 'Accept' } ]
67 silly addNameRange number 2 { name: 'request', range: '>=2.61.0-0 <3.0.0-0', hasData: true }
68 silly addNameRange versions [ 'request',
68 silly addNameRange   [ '0.10.0',
68 silly addNameRange     '0.8.3',
68 silly addNameRange     '0.9.0',
68 silly addNameRange     '0.9.1',
68 silly addNameRange     '0.9.5',
68 silly addNameRange     '1.0.0',
68 silly addNameRange     '1.1.0',
68 silly addNameRange     '1.1.1',
68 silly addNameRange     '1.2.0',
68 silly addNameRange     '1.9.0',
68 silly addNameRange     '1.9.1',
68 silly addNameRange     '1.9.2',
68 silly addNameRange     '1.9.3',
68 silly addNameRange     '1.9.5',
68 silly addNameRange     '1.9.7',
68 silly addNameRange     '1.9.8',
68 silly addNameRange     '1.9.9',
68 silly addNameRange     '2.0.0',
68 silly addNameRange     '2.0.1',
68 silly addNameRange     '2.0.2',
68 silly addNameRange     '2.0.3',
68 silly addNameRange     '2.0.4',
68 silly addNameRange     '2.0.5',
68 silly addNameRange     '2.1.0',
68 silly addNameRange     '2.1.1',
68 silly addNameRange     '2.2.0',
68 silly addNameRange     '2.2.5',
68 silly addNameRange     '2.2.6',
68 silly addNameRange     '2.2.9',
68 silly addNameRange     '2.9.0',
68 silly addNameRange     '2.9.1',
68 silly addNameRange     '2.9.2',
68 silly addNameRange     '2.9.3',
68 silly addNameRange     '2.9.100',
68 silly addNameRange     '2.9.150',
68 silly addNameRange     '2.9.151',
68 silly addNameRange     '2.9.152',
68 silly addNameRange     '2.9.153',
68 silly addNameRange     '2.9.200',
68 silly addNameRange     '2.9.201',
68 silly addNameRange     '2.9.202',
68 silly addNameRange     '2.9.203',
68 silly addNameRange     '2.10.0',
68 silly addNameRange     '2.11.0',
68 silly addNameRange     '2.11.1',
68 silly addNameRange     '2.11.2',
68 silly addNameRange     '2.11.3',
68 silly addNameRange     '2.11.4',
68 silly addNameRange     '2.12.0',
68 silly addNameRange     '2.14.0',
68 silly addNameRange     '2.16.0',
68 silly addNameRange     '2.16.2',
68 silly addNameRange     '2.16.4',
68 silly addNameRange     '2.16.6',
68 silly addNameRange     '2.18.0',
68 silly addNameRange     '2.19.0',
68 silly addNameRange     '2.20.0',
68 silly addNameRange     '2.21.0',
68 silly addNameRange     '2.22.0',
68 silly addNameRange     '2.23.0',
68 silly addNameRange     '2.24.0',
68 silly addNameRange     '2.25.0',
68 silly addNameRange     '2.26.0',
68 silly addNameRange     '2.27.0',
68 silly addNameRange     '2.28.0',
68 silly addNameRange     '2.29.0',
68 silly addNameRange     '2.30.0',
68 silly addNameRange     '2.31.0',
68 silly addNameRange     '2.32.0',
68 silly addNameRange     '2.33.0',
68 silly addNameRange     '2.34.0',
68 silly addNameRange     '2.35.0',
68 silly addNameRange     '2.36.0',
68 silly addNameRange     '2.37.0',
68 silly addNameRange     '2.38.0',
68 silly addNameRange     '2.39.0',
68 silly addNameRange     '2.40.0',
68 silly addNameRange     '2.41.0',
68 silly addNameRange     '2.42.0',
68 silly addNameRange     '2.43.0',
68 silly addNameRange     '2.44.0',
68 silly addNameRange     '2.45.0',
68 silly addNameRange     '2.46.0',
68 silly addNameRange     '2.47.0',
68 silly addNameRange     '2.48.0',
68 silly addNameRange     '2.49.0',
68 silly addNameRange     '2.50.0',
68 silly addNameRange     '2.51.0',
68 silly addNameRange     '2.52.0',
68 silly addNameRange     '2.53.0',
68 silly addNameRange     '2.54.0',
68 silly addNameRange     '2.55.0',
68 silly addNameRange     '2.56.0',
68 silly addNameRange     '2.57.0',
68 silly addNameRange     '2.58.0',
68 silly addNameRange     '2.59.0',
68 silly addNameRange     '2.60.0',
68 silly addNameRange     '2.61.0' ] ]
69 verbose addNamed [ 'request', '2.61.0' ]
70 verbose addNamed [ '2.61.0', '2.61.0' ]
71 silly lockFile ae0c7aa9-request-2-61-0 request@2.61.0
72 verbose lock request@2.61.0 /Users/adde/.npm/ae0c7aa9-request-2-61-0.lock
73 silly lockFile 79d512aa-s-org-request-request-2-61-0-tgz https://registry.npmjs.org/request/-/request-2.61.0.tgz
74 verbose lock https://registry.npmjs.org/request/-/request-2.61.0.tgz /Users/adde/.npm/79d512aa-s-org-request-request-2-61-0-tgz.lock
75 verbose addRemoteTarball [ 'https://registry.npmjs.org/request/-/request-2.61.0.tgz',
75 verbose addRemoteTarball   '6973cb2ac94885f02693f554eec64481d6013f9f' ]
76 info retry fetch attempt 1 at 13:13:55
77 verbose fetch to= /var/folders/x4/z0b6vq_127l254n1kxx1672m0000gn/T/npm-25918-D49ebkQw/registry.npmjs.org/request/-/request-2.61.0.tgz
78 http GET https://registry.npmjs.org/request/-/request-2.61.0.tgz
79 http 200 https://registry.npmjs.org/request/-/request-2.61.0.tgz
80 silly lockFile 79d512aa-s-org-request-request-2-61-0-tgz https://registry.npmjs.org/request/-/request-2.61.0.tgz
81 silly lockFile 79d512aa-s-org-request-request-2-61-0-tgz https://registry.npmjs.org/request/-/request-2.61.0.tgz
82 silly lockFile ae0c7aa9-request-2-61-0 request@2.61.0
83 silly lockFile ae0c7aa9-request-2-61-0 request@2.61.0
84 silly lockFile e4087416-request-2-61-0 request@^2.61.0
85 silly lockFile e4087416-request-2-61-0 request@^2.61.0
86 http 200 https://registry.npmjs.org/express
87 silly registry.get cb [ 200,
87 silly registry.get   { server: 'CouchDB/1.5.0 (Erlang OTP/R16B03)',
87 silly registry.get     etag: '"1XHWCE4U9XVM5OFP826IFJO5T"',
87 silly registry.get     'content-type': 'application/json',
87 silly registry.get     'cache-control': 'max-age=60',
87 silly registry.get     'content-length': '526324',
87 silly registry.get     'accept-ranges': 'bytes',
87 silly registry.get     date: 'Sun, 30 Aug 2015 11:13:55 GMT',
87 silly registry.get     via: '1.1 varnish',
87 silly registry.get     age: '50',
87 silly registry.get     connection: 'keep-alive',
87 silly registry.get     'x-served-by': 'cache-fra1246-FRA',
87 silly registry.get     'x-cache': 'HIT',
87 silly registry.get     'x-cache-hits': '1',
87 silly registry.get     'x-timer': 'S1440933235.267202,VS0,VE1',
87 silly registry.get     vary: 'Accept' } ]
88 silly addNameRange number 2 { name: 'express', range: '>=4.13.3-0 <5.0.0-0', hasData: true }
89 silly addNameRange versions [ 'express',
89 silly addNameRange   [ '0.14.0',
89 silly addNameRange     '0.14.1',
89 silly addNameRange     '1.0.0',
89 silly addNameRange     '1.0.1',
89 silly addNameRange     '1.0.2',
89 silly addNameRange     '1.0.3',
89 silly addNameRange     '1.0.4',
89 silly addNameRange     '1.0.5',
89 silly addNameRange     '1.0.6',
89 silly addNameRange     '1.0.7',
89 silly addNameRange     '1.0.8',
89 silly addNameRange     '2.0.0',
89 silly addNameRange     '2.1.0',
89 silly addNameRange     '2.1.1',
89 silly addNameRange     '2.2.0',
89 silly addNameRange     '2.2.1',
89 silly addNameRange     '2.2.2',
89 silly addNameRange     '2.3.0',
89 silly addNameRange     '2.3.1',
89 silly addNameRange     '2.3.2',
89 silly addNameRange     '2.3.3',
89 silly addNameRange     '2.3.4',
89 silly addNameRange     '2.3.5',
89 silly addNameRange     '2.3.6',
89 silly addNameRange     '2.3.7',
89 silly addNameRange     '2.3.8',
89 silly addNameRange     '2.3.9',
89 silly addNameRange     '2.3.10',
89 silly addNameRange     '2.3.11',
89 silly addNameRange     '2.3.12',
89 silly addNameRange     '2.4.0',
89 silly addNameRange     '2.4.1',
89 silly addNameRange     '2.4.2',
89 silly addNameRange     '2.4.3',
89 silly addNameRange     '2.4.4',
89 silly addNameRange     '2.4.5',
89 silly addNameRange     '2.4.6',
89 silly addNameRange     '2.4.7',
89 silly addNameRange     '2.5.0',
89 silly addNameRange     '2.5.1',
89 silly addNameRange     '2.5.2',
89 silly addNameRange     '2.5.3',
89 silly addNameRange     '2.5.4',
89 silly addNameRange     '2.5.5',
89 silly addNameRange     '2.5.6',
89 silly addNameRange     '2.5.7',
89 silly addNameRange     '2.5.8',
89 silly addNameRange     '2.5.9',
89 silly addNameRange     '2.5.10',
89 silly addNameRange     '2.5.11',
89 silly addNameRange     '3.0.0',
89 silly addNameRange     '3.0.1',
89 silly addNameRange     '3.0.2',
89 silly addNameRange     '3.0.3',
89 silly addNameRange     '3.0.4',
89 silly addNameRange     '3.0.5',
89 silly addNameRange     '3.0.6',
89 silly addNameRange     '3.1.0',
89 silly addNameRange     '3.1.1',
89 silly addNameRange     '3.1.2',
89 silly addNameRange     '3.2.0',
89 silly addNameRange     '3.2.1',
89 silly addNameRange     '3.2.2',
89 silly addNameRange     '3.2.3',
89 silly addNameRange     '3.2.4',
89 silly addNameRange     '3.2.5',
89 silly addNameRange     '3.2.6',
89 silly addNameRange     '3.3.0',
89 silly addNameRange     '3.3.1',
89 silly addNameRange     '3.3.2',
89 silly addNameRange     '3.3.3',
89 silly addNameRange     '3.3.4',
89 silly addNameRange     '3.3.5',
89 silly addNameRange     '3.3.6',
89 silly addNameRange     '1.0.0-beta',
89 silly addNameRange     '1.0.0-beta2',
89 silly addNameRange     '1.0.0-rc',
89 silly addNameRange     '1.0.0-rc2',
89 silly addNameRange     '1.0.0-rc3',
89 silly addNameRange     '1.0.0-rc4',
89 silly addNameRange     '2.0.0-beta',
89 silly addNameRange     '2.0.0-beta2',
89 silly addNameRange     '2.0.0-beta3',
89 silly addNameRange     '2.0.0-rc',
89 silly addNameRange     '2.0.0-rc2',
89 silly addNameRange     '2.0.0-rc3',
89 silly addNameRange     '3.0.0-alpha1',
89 silly addNameRange     '3.0.0-alpha2',
89 silly addNameRange     '3.0.0-alpha3',
89 silly addNameRange     '3.0.0-alpha4',
89 silly addNameRange     '3.0.0-alpha5',
89 silly addNameRange     '3.0.0-beta1',
89 silly addNameRange     '3.0.0-beta2',
89 silly addNameRange     '3.0.0-beta3',
89 silly addNameRange     '3.0.0-beta4',
89 silly addNameRange     '3.0.0-beta6',
89 silly addNameRange     '3.0.0-beta7',
89 silly addNameRange     '3.0.0-rc1',
89 silly addNameRange     '3.0.0-rc2',
89 silly addNameRange     '3.0.0-rc3',
89 silly addNameRange     '3.0.0-rc4',
89 silly addNameRange     '3.0.0-rc5',
89 silly addNameRange     '3.3.7',
89 silly addNameRange     '3.3.8',
89 silly addNameRange     '3.4.0',
89 silly addNameRange     '3.4.1',
89 silly addNameRange     '3.4.2',
89 silly addNameRange     '3.4.3',
89 silly addNameRange     '3.4.4',
89 silly addNameRange     '3.4.5',
89 silly addNameRange     '3.4.6',
89 silly addNameRange     '3.4.7',
89 silly addNameRange     '3.4.8',
89 silly addNameRange     '4.0.0-rc1',
89 silly addNameRange     '4.0.0-rc2',
89 silly addNameRange     '3.5.0',
89 silly addNameRange     '4.0.0-rc3',
89 silly addNameRange     '4.0.0-rc4',
89 silly addNameRange     '3.5.1',
89 silly addNameRange     '4.0.0',
89 silly addNameRange     '3.5.2',
89 silly addNameRange     '4.1.0',
89 silly addNameRange     '4.1.1',
89 silly addNameRange     '3.5.3',
89 silly addNameRange     '4.1.2',
89 silly addNameRange     '3.6.0',
89 silly addNameRange     '4.2.0',
89 silly addNameRange     '3.7.0',
89 silly addNameRange     '3.8.0',
89 silly addNameRange     '4.3.0',
89 silly addNameRange     '4.3.1',
89 silly addNameRange     '3.8.1',
89 silly addNameRange     '4.3.2',
89 silly addNameRange     '3.9.0',
89 silly addNameRange     '4.4.0',
89 silly addNameRange     '4.4.1',
89 silly addNameRange     '3.10.0',
89 silly addNameRange     '3.10.1',
89 silly addNameRange     '3.10.2',
89 silly addNameRange     '3.10.3',
89 silly addNameRange     '3.10.4',
89 silly addNameRange     '4.4.2',
89 silly addNameRange     '3.10.5',
89 silly addNameRange     '4.4.3',
89 silly addNameRange     '3.11.0',
89 silly addNameRange     '4.4.4',
89 silly addNameRange     '3.12.0',
89 silly addNameRange     '3.12.1',
89 silly addNameRange     '4.4.5',
89 silly addNameRange     '3.13.0',
89 silly addNameRange     '4.5.0',
89 silly addNameRange     '4.5.1',
89 silly addNameRange     '3.14.0',
89 silly addNameRange     '4.6.0',
89 silly addNameRange     '4.6.1',
89 silly addNameRange     '3.15.0',
89 silly addNameRange     '4.7.0',
89 silly addNameRange     '3.15.1',
89 silly addNameRange     '4.7.1',
89 silly addNameRange     '3.15.2',
89 silly addNameRange     '4.7.2',
89 silly addNameRange     '4.7.3',
89 silly addNameRange     '3.15.3',
89 silly addNameRange     '4.7.4',
89 silly addNameRange     '3.16.0',
89 silly addNameRange     '4.8.0',
89 silly addNameRange     '3.16.1',
89 silly addNameRange     '4.8.1',
89 silly addNameRange     '3.16.2',
89 silly addNameRange     '4.8.2',
89 silly addNameRange     '3.16.3',
89 silly addNameRange     '3.16.4',
89 silly addNameRange     '4.8.3',
89 silly addNameRange     '3.16.5',
89 silly addNameRange     '3.16.6',
89 silly addNameRange     '4.8.4',
89 silly addNameRange     '3.16.7',
89 silly addNameRange     '4.8.5',
89 silly addNameRange     '3.16.8',
89 silly addNameRange     '4.8.6',
89 silly addNameRange     '3.16.9',
89 silly addNameRange     '4.8.7',
89 silly addNameRange     '3.16.10',
89 silly addNameRange     '4.8.8',
89 silly addNameRange     '3.17.0',
89 silly addNameRange     '3.17.1',
89 silly addNameRange     '4.9.0',
89 silly addNameRange     '3.17.2',
89 silly addNameRange     '4.9.1',
89 silly addNameRange     '4.9.2',
89 silly addNameRange     '3.17.3',
89 silly addNameRange     '4.9.3',
89 silly addNameRange     '3.17.4',
89 silly addNameRange     '4.9.4',
89 silly addNameRange     '3.17.5',
89 silly addNameRange     '4.9.5',
89 silly addNameRange     '3.17.6',
89 silly addNameRange     '3.17.7',
89 silly addNameRange     '4.9.6',
89 silly addNameRange     '4.9.7',
89 silly addNameRange     '3.17.8',
89 silly addNameRange     '4.9.8',
89 silly addNameRange     '3.18.0',
89 silly addNameRange     '3.18.1',
89 silly addNameRange     '4.10.0',
89 silly addNameRange     '3.18.2',
89 silly addNameRange     '4.10.1',
89 silly addNameRange     '5.0.0-alpha.1',
89 silly addNameRange     '3.18.3',
89 silly addNameRange     '4.10.2',
89 silly addNameRange     '3.18.4',
89 silly addNameRange     '4.10.3',
89 silly addNameRange     '4.10.4',
89 silly addNameRange     '4.10.5',
89 silly addNameRange     '3.18.5',
89 silly addNameRange     '3.18.6',
89 silly addNameRange     '4.10.6',
89 silly addNameRange     '4.10.7',
89 silly addNameRange     '3.19.0',
89 silly addNameRange     '4.10.8',
89 silly addNameRange     '4.11.0',
89 silly addNameRange     '3.19.1',
89 silly addNameRange     '4.11.1',
89 silly addNameRange     '3.19.2',
89 silly addNameRange     '4.11.2',
89 silly addNameRange     '3.20.0',
89 silly addNameRange     '4.12.0',
89 silly addNameRange     '3.20.1',
89 silly addNameRange     '4.12.1',
89 silly addNameRange     '4.12.2',
89 silly addNameRange     '3.20.2',
89 silly addNameRange     '4.12.3',
89 silly addNameRange     '3.20.3',
89 silly addNameRange     '4.12.4',
89 silly addNameRange     '3.21.0',
89 silly addNameRange     '4.13.0',
89 silly addNameRange     '3.21.1',
89 silly addNameRange     '4.13.1',
89 silly addNameRange     '5.0.0-alpha.2',
89 silly addNameRange     '3.21.2',
89 silly addNameRange     '4.13.2',
89 silly addNameRange     '4.13.3' ] ]
90 verbose addNamed [ 'express', '4.13.3' ]
91 verbose addNamed [ '4.13.3', '4.13.3' ]
92 silly lockFile 51f1744e-express-4-13-3 express@4.13.3
93 verbose lock express@4.13.3 /Users/adde/.npm/51f1744e-express-4-13-3.lock
94 silly lockFile 0cf3ba70-s-org-express-express-4-13-3-tgz https://registry.npmjs.org/express/-/express-4.13.3.tgz
95 verbose lock https://registry.npmjs.org/express/-/express-4.13.3.tgz /Users/adde/.npm/0cf3ba70-s-org-express-express-4-13-3-tgz.lock
96 verbose addRemoteTarball [ 'https://registry.npmjs.org/express/-/express-4.13.3.tgz',
96 verbose addRemoteTarball   'ddb2f1fb4502bf33598d2b032b037960ca6c80a3' ]
97 info retry fetch attempt 1 at 13:13:55
98 verbose fetch to= /var/folders/x4/z0b6vq_127l254n1kxx1672m0000gn/T/npm-25918-D49ebkQw/registry.npmjs.org/express/-/express-4.13.3.tgz
99 http GET https://registry.npmjs.org/express/-/express-4.13.3.tgz
100 http 200 https://registry.npmjs.org/pcap
101 silly registry.get cb [ 200,
101 silly registry.get   { server: 'CouchDB/1.5.0 (Erlang OTP/R16B03)',
101 silly registry.get     etag: '"51XOQUEJCJW5QJNUL2IH66N1R"',
101 silly registry.get     'content-type': 'application/json',
101 silly registry.get     'cache-control': 'max-age=60',
101 silly registry.get     'content-length': '42545',
101 silly registry.get     'accept-ranges': 'bytes',
101 silly registry.get     date: 'Sun, 30 Aug 2015 11:13:55 GMT',
101 silly registry.get     via: '1.1 varnish',
101 silly registry.get     age: '0',
101 silly registry.get     connection: 'keep-alive',
101 silly registry.get     'x-served-by': 'cache-fra1234-FRA',
101 silly registry.get     'x-cache': 'MISS',
101 silly registry.get     'x-cache-hits': '0',
101 silly registry.get     'x-timer': 'S1440933235.275361,VS0,VE613',
101 silly registry.get     vary: 'Accept' } ]
102 http 200 https://registry.npmjs.org/express/-/express-4.13.3.tgz
103 silly addNameRange number 2 { name: 'pcap', range: '>=2.0.1-0 <3.0.0-0', hasData: true }
104 silly addNameRange versions [ 'pcap',
104 silly addNameRange   [ '0.0.2',
104 silly addNameRange     '0.0.3',
104 silly addNameRange     '0.0.4',
104 silly addNameRange     '0.0.5',
104 silly addNameRange     '0.0.6',
104 silly addNameRange     '0.0.7',
104 silly addNameRange     '0.1.1',
104 silly addNameRange     '0.1.4',
104 silly addNameRange     '0.1.5',
104 silly addNameRange     '0.1.6',
104 silly addNameRange     '0.1.7',
104 silly addNameRange     '0.1.8',
104 silly addNameRange     '0.1.9',
104 silly addNameRange     '0.2.0',
104 silly addNameRange     '0.2.1',
104 silly addNameRange     '0.2.2',
104 silly addNameRange     '0.2.3',
104 silly addNameRange     '0.2.4',
104 silly addNameRange     '0.2.6',
104 silly addNameRange     '0.2.7',
104 silly addNameRange     '0.2.8',
104 silly addNameRange     '0.3.0',
104 silly addNameRange     '0.3.1',
104 silly addNameRange     '0.3.2',
104 silly addNameRange     '0.3.3',
104 silly addNameRange     '0.4.0',
104 silly addNameRange     '0.4.1',
104 silly addNameRange     '1.0.0',
104 silly addNameRange     '1.0.1',
104 silly addNameRange     '1.1.0',
104 silly addNameRange     '1.2.0',
104 silly addNameRange     '2.0.0',
104 silly addNameRange     '2.0.1' ] ]
105 verbose addNamed [ 'pcap', '2.0.1' ]
106 verbose addNamed [ '2.0.1', '2.0.1' ]
107 silly lockFile e553b387-pcap-2-0-1 pcap@2.0.1
108 verbose lock pcap@2.0.1 /Users/adde/.npm/e553b387-pcap-2-0-1.lock
109 silly lockFile 136d0b8d-ry-npmjs-org-pcap-pcap-2-0-1-tgz https://registry.npmjs.org/pcap/-/pcap-2.0.1.tgz
110 verbose lock https://registry.npmjs.org/pcap/-/pcap-2.0.1.tgz /Users/adde/.npm/136d0b8d-ry-npmjs-org-pcap-pcap-2-0-1-tgz.lock
111 verbose addRemoteTarball [ 'https://registry.npmjs.org/pcap/-/pcap-2.0.1.tgz',
111 verbose addRemoteTarball   '1c516248117a7a1ecadb39819477947645a87730' ]
112 info retry fetch attempt 1 at 13:13:55
113 verbose fetch to= /var/folders/x4/z0b6vq_127l254n1kxx1672m0000gn/T/npm-25918-D49ebkQw/registry.npmjs.org/pcap/-/pcap-2.0.1.tgz
114 http GET https://registry.npmjs.org/pcap/-/pcap-2.0.1.tgz
115 silly lockFile 0cf3ba70-s-org-express-express-4-13-3-tgz https://registry.npmjs.org/express/-/express-4.13.3.tgz
116 silly lockFile 0cf3ba70-s-org-express-express-4-13-3-tgz https://registry.npmjs.org/express/-/express-4.13.3.tgz
117 silly lockFile 51f1744e-express-4-13-3 express@4.13.3
118 silly lockFile 51f1744e-express-4-13-3 express@4.13.3
119 silly lockFile 9c28b82e-express-4-13-3 express@^4.13.3
120 silly lockFile 9c28b82e-express-4-13-3 express@^4.13.3
121 http 200 https://registry.npmjs.org/pcap/-/pcap-2.0.1.tgz
122 silly lockFile 136d0b8d-ry-npmjs-org-pcap-pcap-2-0-1-tgz https://registry.npmjs.org/pcap/-/pcap-2.0.1.tgz
123 silly lockFile 136d0b8d-ry-npmjs-org-pcap-pcap-2-0-1-tgz https://registry.npmjs.org/pcap/-/pcap-2.0.1.tgz
124 silly lockFile e553b387-pcap-2-0-1 pcap@2.0.1
125 silly lockFile e553b387-pcap-2-0-1 pcap@2.0.1
126 silly lockFile a2ac105d-pcap-2-0-1 pcap@^2.0.1
127 silly lockFile a2ac105d-pcap-2-0-1 pcap@^2.0.1
128 error Error: EACCES, mkdir '/Users/adde/.npm/request/2.61.0'
128 error  { [Error: EACCES, mkdir '/Users/adde/.npm/request/2.61.0']
128 error   errno: 3,
128 error   code: 'EACCES',
128 error   path: '/Users/adde/.npm/request/2.61.0',
128 error   parent: 'uber-dash' }
129 error Please try running this command again as root/Administrator.
130 error System Darwin 14.5.0
131 error command "node" "/usr/local/bin/npm" "install"
132 error cwd /Users/adde/Desktop/uber-dash-master
133 error node -v v0.10.33
134 error npm -v 1.4.28
135 error path /Users/adde/.npm/request/2.61.0
136 error code EACCES
137 error errno 3
138 error stack Error: EACCES, mkdir '/Users/adde/.npm/request/2.61.0'
139 verbose exit [ 3, true ]
